<?xml version="1.0" encoding="UTF-8"?>
<!-- Generated by org.testng.reporters.JUnitReportReporter -->
<testsuite hostname="arvind-PC" name="testng.ParallelMethodTest" tests="2" failures="0" timestamp="29 May 2016 05:10:17 GMT" time="0.012" errors="0">
  <testcase name="testMethodsOne" time="0.011" classname="testng.ParallelMethodTest"/>
  <testcase name="testMethodsTwo" time="0.001" classname="testng.ParallelMethodTest"/>
</testsuite> <!-- testng.ParallelMethodTest -->
