<?xml version="1.0" encoding="UTF-8"?>
<!-- Generated by org.testng.reporters.JUnitReportReporter -->
<testsuite hostname="arvind-PC" name="testng.Testngdemo2" tests="6" failures="0" timestamp="21 May 2016 07:56:47 GMT" time="0.014" errors="0">
  <testcase name="Testmethod2" time="0.001" classname="testng.Testngdemo2"/>
  <testcase name="Testmethod3" time="0.001" classname="testng.Testngdemo2"/>
  <testcase name="Testmethod5" time="0.001" classname="testng.Testngdemo2"/>
  <testcase name="Testmethod4" time="0.000" classname="testng.Testngdemo2"/>
  <testcase name="Testmethod1" time="0.010" classname="testng.Testngdemo2"/>
  <testcase name="Testmethod6" time="0.001" classname="testng.Testngdemo2"/>
</testsuite> <!-- testng.Testngdemo2 -->
