<?xml version="1.0" encoding="UTF-8"?>
<!-- Generated by org.testng.reporters.JUnitReportReporter -->
<testsuite hostname="arv-PC" name="testng.TestngSample" tests="2" failures="0" timestamp="5 Mar 2016 02:52:04 GMT" time="26.229" errors="0">
  <testcase name="no_user_and_password" time="12.694" classname="testng.TestngSample"/>
  <testcase name="wrong_user_and_password" time="13.535" classname="testng.TestngSample"/>
</testsuite> <!-- testng.TestngSample -->
